This is pdfTeX, Version 3.141592653-2.6-1.40.24 (TeX Live 2022/Debian) (preloaded format=pdflatex 2024.11.12)  12 NOV 2024 13:06
entering extended mode
 restricted \write18 enabled.
 %&-line parsing enabled.
**main.tex
(./main.tex
LaTeX2e <2022-11-01> patch level 1
L3 programming layer <2023-01-16> (./developercv.cls
Document Class: developercv 2019/01/28 Developer CV class v1.0
(/usr/share/texlive/texmf-dist/tex/latex/extsizes/extarticle.cls
Document Class: extarticle 1996/10/08 v1.0 Non Standard LaTeX document class
(/usr/share/texlive/texmf-dist/tex/latex/extsizes/size9.clo
File: size9.clo 1999/11/11 v1.4a NON-Standard LaTeX file (size option)
)
(/usr/share/texlive/texmf-dist/tex/latex/base/exscale.sty
Package: exscale 2018/09/24 v2.1i Standard LaTeX package exscale
LaTeX Font Info:    Redeclaring symbol font `largesymbols' on input line 57.
LaTeX Font Info:    Overwriting symbol font `largesymbols' in version `normal'
(Font)                  OMX/cmex/m/n --> OMX/cmex/m/n on input line 57.
LaTeX Font Info:    Overwriting symbol font `largesymbols' in version `bold'
(Font)                  OMX/cmex/m/n --> OMX/cmex/m/n on input line 57.
\big@size=\dimen140
)
\c@part=\count185
\c@section=\count186
\c@subsection=\count187
\c@subsubsection=\count188
\c@paragraph=\count189
\c@subparagraph=\count190
\c@figure=\count191
\c@table=\count192
\abovecaptionskip=\skip48
\belowcaptionskip=\skip49
\bibindent=\dimen141
)
(/usr/share/texlive/texmf-dist/tex/latex/hyperref/hyperref.sty
Package: hyperref 2022-11-13 v7.00u Hypertext links for LaTeX

(/usr/share/texlive/texmf-dist/tex/generic/ltxcmds/ltxcmds.sty
Package: ltxcmds 2020-05-10 v1.25 LaTeX kernel commands for general use (HO)
)
(/usr/share/texlive/texmf-dist/tex/generic/iftex/iftex.sty
Package: iftex 2022/02/03 v1.0f TeX engine tests
)
(/usr/share/texlive/texmf-dist/tex/generic/pdftexcmds/pdftexcmds.sty
Package: pdftexcmds 2020-06-27 v0.33 Utility functions of pdfTeX for LuaTeX (HO
)

(/usr/share/texlive/texmf-dist/tex/generic/infwarerr/infwarerr.sty
Package: infwarerr 2019/12/03 v1.5 Providing info/warning/error messages (HO)
)
Package pdftexcmds Info: \pdf@primitive is available.
Package pdftexcmds Info: \pdf@ifprimitive is available.
Package pdftexcmds Info: \pdfdraftmode found.
)
(/usr/share/texlive/texmf-dist/tex/latex/graphics/keyval.sty
Package: keyval 2022/05/29 v1.15 key=value parser (DPC)
\KV@toks@=\toks16
)
(/usr/share/texlive/texmf-dist/tex/latex/kvsetkeys/kvsetkeys.sty
Package: kvsetkeys 2022-10-05 v1.19 Key value parser (HO)
)
(/usr/share/texlive/texmf-dist/tex/generic/kvdefinekeys/kvdefinekeys.sty
Package: kvdefinekeys 2019-12-19 v1.6 Define keys (HO)
)
(/usr/share/texlive/texmf-dist/tex/generic/pdfescape/pdfescape.sty
Package: pdfescape 2019/12/09 v1.15 Implements pdfTeX's escape features (HO)
)
(/usr/share/texlive/texmf-dist/tex/latex/hycolor/hycolor.sty
Package: hycolor 2020-01-27 v1.10 Color options for hyperref/bookmark (HO)
)
(/usr/share/texlive/texmf-dist/tex/latex/letltxmacro/letltxmacro.sty
Package: letltxmacro 2019/12/03 v1.6 Let assignment for LaTeX macros (HO)
)
(/usr/share/texlive/texmf-dist/tex/latex/auxhook/auxhook.sty
Package: auxhook 2019-12-17 v1.6 Hooks for auxiliary files (HO)
)
(/usr/share/texlive/texmf-dist/tex/latex/hyperref/nameref.sty
Package: nameref 2022-05-17 v2.50 Cross-referencing by name of section

(/usr/share/texlive/texmf-dist/tex/latex/refcount/refcount.sty
Package: refcount 2019/12/15 v3.6 Data extraction from label references (HO)
)
(/usr/share/texlive/texmf-dist/tex/generic/gettitlestring/gettitlestring.sty
Package: gettitlestring 2019/12/15 v1.6 Cleanup title references (HO)

(/usr/share/texlive/texmf-dist/tex/latex/kvoptions/kvoptions.sty
Package: kvoptions 2022-06-15 v3.15 Key value format for package options (HO)
))
\c@section@level=\count193
)
\@linkdim=\dimen142
\Hy@linkcounter=\count194
\Hy@pagecounter=\count195

(/usr/share/texlive/texmf-dist/tex/latex/hyperref/pd1enc.def
File: pd1enc.def 2022-11-13 v7.00u Hyperref: PDFDocEncoding definition (HO)
Now handling font encoding PD1 ...
... no UTF-8 mapping file for font encoding PD1
)
(/usr/share/texlive/texmf-dist/tex/generic/intcalc/intcalc.sty
Package: intcalc 2019/12/15 v1.3 Expandable calculations with integers (HO)
)
(/usr/share/texlive/texmf-dist/tex/generic/etexcmds/etexcmds.sty
Package: etexcmds 2019/12/15 v1.7 Avoid name clashes with e-TeX commands (HO)
)
\Hy@SavedSpaceFactor=\count196

(/usr/share/texlive/texmf-dist/tex/latex/hyperref/puenc.def
File: puenc.def 2022-11-13 v7.00u Hyperref: PDF Unicode definition (HO)
Now handling font encoding PU ...
... no UTF-8 mapping file for font encoding PU
)
Package hyperref Info: Hyper figures OFF on input line 4162.
Package hyperref Info: Link nesting OFF on input line 4167.
Package hyperref Info: Hyper index ON on input line 4170.
Package hyperref Info: Plain pages OFF on input line 4177.
Package hyperref Info: Backreferencing OFF on input line 4182.
Package hyperref Info: Implicit mode ON; LaTeX internals redefined.
Package hyperref Info: Bookmarks ON on input line 4410.
\c@Hy@tempcnt=\count197

(/usr/share/texlive/texmf-dist/tex/latex/url/url.sty
\Urlmuskip=\muskip16
Package: url 2013/09/16  ver 3.4  Verb mode for urls, etc.
)
LaTeX Info: Redefining \url on input line 4748.
\XeTeXLinkMargin=\dimen143

(/usr/share/texlive/texmf-dist/tex/generic/bitset/bitset.sty
Package: bitset 2019/12/09 v1.3 Handle bit-vector datatype (HO)

(/usr/share/texlive/texmf-dist/tex/generic/bigintcalc/bigintcalc.sty
Package: bigintcalc 2019/12/15 v1.5 Expandable calculations on big integers (HO
)
))
\Fld@menulength=\count198
\Field@Width=\dimen144
\Fld@charsize=\dimen145
Package hyperref Info: Hyper figures OFF on input line 6027.
Package hyperref Info: Link nesting OFF on input line 6032.
Package hyperref Info: Hyper index ON on input line 6035.
Package hyperref Info: backreferencing OFF on input line 6042.
Package hyperref Info: Link coloring OFF on input line 6047.
Package hyperref Info: Link coloring with OCG OFF on input line 6052.
Package hyperref Info: PDF/A mode OFF on input line 6057.

(/usr/share/texlive/texmf-dist/tex/latex/base/atbegshi-ltx.sty
Package: atbegshi-ltx 2021/01/10 v1.0c Emulation of the original atbegshi
package with kernel methods
)
\Hy@abspage=\count199
\c@Item=\count266
\c@Hfootnote=\count267
)
Package hyperref Info: Driver (autodetected): hpdftex.

(/usr/share/texlive/texmf-dist/tex/latex/hyperref/hpdftex.def
File: hpdftex.def 2022-11-13 v7.00u Hyperref driver for pdfTeX

(/usr/share/texlive/texmf-dist/tex/latex/base/atveryend-ltx.sty
Package: atveryend-ltx 2020/08/19 v1.0a Emulation of the original atveryend pac
kage
with kernel methods
)
\Fld@listcount=\count268
\c@bookmark@seq@number=\count269

(/usr/share/texlive/texmf-dist/tex/latex/rerunfilecheck/rerunfilecheck.sty
Package: rerunfilecheck 2022-07-10 v1.10 Rerun checks for auxiliary files (HO)

(/usr/share/texlive/texmf-dist/tex/generic/uniquecounter/uniquecounter.sty
Package: uniquecounter 2019/12/15 v1.4 Provide unlimited unique counter (HO)
)
Package uniquecounter Info: New unique counter `rerunfilecheck' on input line 2
85.
)
\Hy@SectionHShift=\skip50
)
(/home/ushamma/texmf/tex/latex/moresize/moresize.sty
Package: moresize 1999/07/26 v1.9 (more font sizes)
)
(/home/ushamma/texmf/tex/latex/calligra/calligra.sty
Package: calligra 2012/04/10 v1.9 LaTeX package calligra
)
(/usr/share/texmf/tex/latex/lm/lmodern.sty
Package: lmodern 2015/05/01 v1.6.1 Latin Modern Fonts
LaTeX Font Info:    Overwriting symbol font `operators' in version `normal'
(Font)                  OT1/cmr/m/n --> OT1/lmr/m/n on input line 22.
LaTeX Font Info:    Overwriting symbol font `letters' in version `normal'
(Font)                  OML/cmm/m/it --> OML/lmm/m/it on input line 23.
LaTeX Font Info:    Overwriting symbol font `symbols' in version `normal'
(Font)                  OMS/cmsy/m/n --> OMS/lmsy/m/n on input line 24.
LaTeX Font Info:    Overwriting symbol font `largesymbols' in version `normal'
(Font)                  OMX/cmex/m/n --> OMX/lmex/m/n on input line 25.
LaTeX Font Info:    Overwriting symbol font `operators' in version `bold'
(Font)                  OT1/cmr/bx/n --> OT1/lmr/bx/n on input line 26.
LaTeX Font Info:    Overwriting symbol font `letters' in version `bold'
(Font)                  OML/cmm/b/it --> OML/lmm/b/it on input line 27.
LaTeX Font Info:    Overwriting symbol font `symbols' in version `bold'
(Font)                  OMS/cmsy/b/n --> OMS/lmsy/b/n on input line 28.
LaTeX Font Info:    Overwriting symbol font `largesymbols' in version `bold'
(Font)                  OMX/cmex/m/n --> OMX/lmex/m/n on input line 29.
LaTeX Font Info:    Overwriting math alphabet `\mathbf' in version `normal'
(Font)                  OT1/cmr/bx/n --> OT1/lmr/bx/n on input line 31.
LaTeX Font Info:    Overwriting math alphabet `\mathsf' in version `normal'
(Font)                  OT1/cmss/m/n --> OT1/lmss/m/n on input line 32.
LaTeX Font Info:    Overwriting math alphabet `\mathit' in version `normal'
(Font)                  OT1/cmr/m/it --> OT1/lmr/m/it on input line 33.
LaTeX Font Info:    Overwriting math alphabet `\mathtt' in version `normal'
(Font)                  OT1/cmtt/m/n --> OT1/lmtt/m/n on input line 34.
LaTeX Font Info:    Overwriting math alphabet `\mathbf' in version `bold'
(Font)                  OT1/cmr/bx/n --> OT1/lmr/bx/n on input line 35.
LaTeX Font Info:    Overwriting math alphabet `\mathsf' in version `bold'
(Font)                  OT1/cmss/bx/n --> OT1/lmss/bx/n on input line 36.
LaTeX Font Info:    Overwriting math alphabet `\mathit' in version `bold'
(Font)                  OT1/cmr/bx/it --> OT1/lmr/bx/it on input line 37.
LaTeX Font Info:    Overwriting math alphabet `\mathtt' in version `bold'
(Font)                  OT1/cmtt/m/n --> OT1/lmtt/m/n on input line 38.
)
(/usr/share/texlive/texmf-dist/tex/latex/geometry/geometry.sty
Package: geometry 2020/01/02 v5.9 Page Geometry

(/usr/share/texlive/texmf-dist/tex/generic/iftex/ifvtex.sty
Package: ifvtex 2019/10/25 v1.7 ifvtex legacy package. Use iftex instead.
)
\Gm@cnth=\count270
\Gm@cntv=\count271
\c@Gm@tempcnt=\count272
\Gm@bindingoffset=\dimen146
\Gm@wd@mp=\dimen147
\Gm@odd@mp=\dimen148
\Gm@even@mp=\dimen149
\Gm@layoutwidth=\dimen150
\Gm@layoutheight=\dimen151
\Gm@layouthoffset=\dimen152
\Gm@layoutvoffset=\dimen153
\Gm@dimlist=\toks17
)
(/usr/share/texlive/texmf-dist/tex/latex/base/inputenc.sty
Package: inputenc 2021/02/14 v1.3d Input encoding file
\inpenc@prehook=\toks18
\inpenc@posthook=\toks19
)
(/usr/share/texlive/texmf-dist/tex/latex/base/fontenc.sty
Package: fontenc 2021/04/29 v2.0v Standard LaTeX package
LaTeX Font Info:    Trying to load font information for T1+lmr on input line 11
2.

(/usr/share/texmf/tex/latex/lm/t1lmr.fd
File: t1lmr.fd 2015/05/01 v1.6.1 Font defs for Latin Modern
))
(/home/ushamma/texmf/tex/latex/raleway/raleway.sty
Package: raleway 2016/12/03 v1.4 Matt McInerney’s Raleway family

(/usr/share/texlive/texmf-dist/tex/generic/iftex/ifxetex.sty
Package: ifxetex 2019/10/25 v0.7 ifxetex legacy package. Use iftex instead.
)
(/usr/share/texlive/texmf-dist/tex/generic/iftex/ifluatex.sty
Package: ifluatex 2019/10/25 v1.5 ifluatex legacy package. Use iftex instead.
)
(/usr/share/texlive/texmf-dist/tex/latex/xkeyval/xkeyval.sty
Package: xkeyval 2022/06/16 v2.9 package option processing (HA)

(/usr/share/texlive/texmf-dist/tex/generic/xkeyval/xkeyval.tex
(/usr/share/texlive/texmf-dist/tex/generic/xkeyval/xkvutils.tex
\XKV@toks=\toks20
\XKV@tempa@toks=\toks21
)
\XKV@depth=\count273
File: xkeyval.tex 2014/12/03 v2.7a key=value parser (HA)
))
(/usr/share/texlive/texmf-dist/tex/latex/base/fontenc.sty
Package: fontenc 2021/04/29 v2.0v Standard LaTeX package


! Package fontenc Error: Encoding file `ly1enc.def' not found.
(fontenc)                You might have misspelt the name of the encoding.

See the fontenc package documentation for explanation.
Type  H <return>  for immediate help.
 ...                                              
                                                  
l.111 \ProcessOptions*
                      
? 
))

! LaTeX Error: File `fontawesome5.sty' not found.

Type X to quit or <RETURN> to proceed,
or enter new name. (Default extension: sty)

Enter file name: 

! LaTeX Error: File `tikz.sty' not found.

Type X to quit or <RETURN> to proceed,
or enter new name. (Default extension: sty)

Enter file name: 
! Undefined control sequence.
<recently read> \usetikzlibrary 
                                
l.97 \usetikzlibrary
                    {shapes, backgrounds}
? 

! LaTeX Error: Missing \begin{document}.

See the LaTeX manual or LaTeX Companion for explanation.
Type  H <return>  for immediate help.
 ...                                              
                                                  
l.97 \usetikzlibrary{s
                      hapes, backgrounds}
? 
! Undefined control sequence.
l.98 \tikzset
             {x=1cm, y=1cm} % Default tikz units
? 
\c@barcount=\count274
\c@a=\count275
\c@b=\count276
\c@c=\count277
(/usr/share/texlive/texmf-dist/tex/latex/tools/longtable.sty
Package: longtable 2021-09-01 v4.17 Multi-page Table package (DPC)
\LTleft=\skip51
\LTright=\skip52
\LTpre=\skip53
\LTpost=\skip54
\LTchunksize=\count278
\LTcapwidth=\dimen154
\LT@head=\box51
\LT@firsthead=\box52
\LT@foot=\box53
\LT@lastfoot=\box54
\LT@gbox=\box55
\LT@cols=\count279
\LT@rows=\count280
\c@LT@tables=\count281
\c@LT@chunks=\count282
\LT@p@ftn=\toks22
))
LaTeX Font Info:    Trying to load font information for T1+Raleway-TLF on input
 line 36.
LaTeX Font Info:    No file T1Raleway-TLF.fd. on input line 36.


LaTeX Font Warning: Font shape `T1/Raleway-TLF/m/n' undefined
(Font)              using `T1/cmr/m/n' instead on input line 36.

(/usr/share/texlive/texmf-dist/tex/latex/l3backend/l3backend-pdftex.def
File: l3backend-pdftex.def 2023-01-16 L3 backend support: PDF output (pdfTeX)
\l__color_backend_stack_int=\count283
\l__pdf_internal_box=\box56
)
(./main.aux)
\openout1 = `main.aux'.

LaTeX Font Info:    Checking defaults for OML/cmm/m/it on input line 36.
LaTeX Font Info:    ... okay on input line 36.
LaTeX Font Info:    Checking defaults for OMS/cmsy/m/n on input line 36.
LaTeX Font Info:    ... okay on input line 36.
LaTeX Font Info:    Checking defaults for OT1/cmr/m/n on input line 36.
LaTeX Font Info:    ... okay on input line 36.
LaTeX Font Info:    Checking defaults for T1/cmr/m/n on input line 36.
LaTeX Font Info:    ... okay on input line 36.
LaTeX Font Info:    Checking defaults for TS1/cmr/m/n on input line 36.
LaTeX Font Info:    ... okay on input line 36.
LaTeX Font Info:    Checking defaults for OMX/cmex/m/n on input line 36.
LaTeX Font Info:    ... okay on input line 36.
LaTeX Font Info:    Checking defaults for U/cmr/m/n on input line 36.
LaTeX Font Info:    ... okay on input line 36.
LaTeX Font Info:    Checking defaults for PD1/pdf/m/n on input line 36.
LaTeX Font Info:    ... okay on input line 36.
LaTeX Font Info:    Checking defaults for PU/pdf/m/n on input line 36.
LaTeX Font Info:    ... okay on input line 36.
Package hyperref Info: Link coloring OFF on input line 36.
 (./main.out) (./main.out)
\@outlinefile=\write3
\openout3 = `main.out'.


*geometry* driver: auto-detecting
*geometry* detected driver: pdftex
*geometry* verbose mode - [ preamble ] result:
* driver: pdftex
* paper: a4paper
* layout: <same size as paper>
* layoutoffset:(h,v)=(0.0pt,0.0pt)
* modes: 
* h-part:(L,W,R)=(56.9055pt, 483.69687pt, 56.9055pt)
* v-part:(T,H,B)=(49.79231pt, 745.46222pt, 49.79231pt)
* \paperwidth=597.50787pt
* \paperheight=845.04684pt
* \textwidth=483.69687pt
* \textheight=745.46222pt
* \oddsidemargin=-15.36449pt
* \evensidemargin=-15.36449pt
* \topmargin=-58.0436pt
* \headheight=21.33955pt
* \headsep=14.22636pt
* \topskip=9.0pt
* \footskip=28.45274pt
* \marginparwidth=74.0pt
* \marginparsep=10.0pt
* \columnsep=10.0pt
* \skip\footins=8.0pt plus 4.0pt minus 2.0pt
* \hoffset=0.0pt
* \voffset=0.0pt
* \mag=1000
* \@twocolumnfalse
* \@twosidefalse
* \@mparswitchfalse
* \@reversemarginfalse
* (1in=72.27pt=25.4mm, 1cm=28.453pt)

! Undefined control sequence.
l.48 	\colorbox
               {black}{{\HUGE\textcolor{white}{\textbf{\MakeUppercase{ARJUN}...

? 
! Undefined control sequence.
l.48 	\colorbox{black}{{\HUGE\textcolor
                                       {white}{\textbf{\MakeUppercase{ARJUN}...

? 

LaTeX Font Warning: Font shape `T1/Raleway-TLF/b/n' undefined
(Font)              using `T1/Raleway-TLF/m/n' instead on input line 48.

! Undefined control sequence.
l.50 	\colorbox
               {black}{{\HUGE\textcolor{white}{\textbf{\MakeUppercase{S KUMA...

? 
! Undefined control sequence.
l.50 	\colorbox{black}{{\HUGE\textcolor
                                       {white}{\textbf{\MakeUppercase{S KUMA...

? 
! Undefined control sequence.
<argument> \colorbox 
                     {black}{\makebox (12, 12){\textcolor {white}{\large \cs...
l.61 	\icon{Map}{12}{India}
                           \\
? 
! Undefined control sequence.
<argument> \textcolor 
                      {white}{\large \csname faMap\endcsname }
l.61 	\icon{Map}{12}{India}
                           \\
? 
LaTeX Font Info:    Trying to load font information for OT1+lmr on input line 6
1.
(/usr/share/texmf/tex/latex/lm/ot1lmr.fd
File: ot1lmr.fd 2015/05/01 v1.6.1 Font defs for Latin Modern
)
LaTeX Font Info:    Trying to load font information for OML+lmm on input line 6
1.

(/usr/share/texmf/tex/latex/lm/omllmm.fd
File: omllmm.fd 2015/05/01 v1.6.1 Font defs for Latin Modern
)
LaTeX Font Info:    Trying to load font information for OMS+lmsy on input line 
61.

(/usr/share/texmf/tex/latex/lm/omslmsy.fd
File: omslmsy.fd 2015/05/01 v1.6.1 Font defs for Latin Modern
)
LaTeX Font Info:    Trying to load font information for OMX+lmex on input line 
61.

(/usr/share/texmf/tex/latex/lm/omxlmex.fd
File: omxlmex.fd 2015/05/01 v1.6.1 Font defs for Latin Modern
)
LaTeX Font Info:    External font `lmex10' loaded for size
(Font)              <9> on input line 61.
LaTeX Font Info:    External font `lmex10' loaded for size
(Font)              <6> on input line 61.
LaTeX Font Info:    External font `lmex10' loaded for size
(Font)              <5> on input line 61.

! Undefined control sequence.
<argument> \textcolor 
                      {black}{India}
l.61 	\icon{Map}{12}{India}
                           \\
? 
! Undefined control sequence.
<argument> \colorbox 
                     {black}{\makebox (12, 12){\textcolor {white}{\large \cs...
l.62 	\icon{Phone}{12}{+91 7306988632}
                                      \\
? 
! Undefined control sequence.
<argument> \textcolor 
                      {white}{\large \csname faPhone\endcsname }
l.62 	\icon{Phone}{12}{+91 7306988632}
                                      \\
? 
! Undefined control sequence.
<argument> \textcolor 
                      {black}{+91 7306988632}
l.62 	\icon{Phone}{12}{+91 7306988632}
                                      \\
? 
! Undefined control sequence.
<argument> \colorbox 
                     {black}{\makebox (12, 12){\textcolor {white}{\large \cs...
l.63 ...umar.1@gmail.com}{arjunsreekumar.1@gmail}}
                                                  \\	
? 
! Undefined control sequence.
<argument> \textcolor 
                      {white}{\large \csname faAt\endcsname }
l.63 ...umar.1@gmail.com}{arjunsreekumar.1@gmail}}
                                                  \\	
? 
! Undefined control sequence.
<argument> \textcolor 
                      {black}{\href {mailto:arjunsreekumar.1@gmail.com}{arju...
l.63 ...umar.1@gmail.com}{arjunsreekumar.1@gmail}}
                                                  \\	
? 

Underfull \hbox (badness 10000) in paragraph at lines 61--64
[]$
 []


Underfull \hbox (badness 10000) in paragraph at lines 61--64

 []

! Undefined control sequence.
<argument> \colorbox 
                     {black}{\makebox (12, 12){\textcolor {white}{\large \cs...
l.70 ...:arjunsreekumar.1}{live:arjunsreekumar.1}}
                                                  \\
? 
! Undefined control sequence.
<argument> \textcolor 
                      {white}{\large \csname faSkype\endcsname }
l.70 ...:arjunsreekumar.1}{live:arjunsreekumar.1}}
                                                  \\
? 
! Undefined control sequence.
<argument> \textcolor 
                      {black}{\href {live:arjunsreekumar.1}{live:arjunsreeku...
l.70 ...:arjunsreekumar.1}{live:arjunsreekumar.1}}
                                                  \\
? 
! Undefined control sequence.
<argument> \colorbox 
                     {black}{\makebox (12, 12){\textcolor {white}{\large \cs...
l.71 ...ub.com/Digambaran}{github.com/Digambaran}}
                                                  \\
? 
! Undefined control sequence.
<argument> \textcolor 
                      {white}{\large \csname faGithub\endcsname }
l.71 ...ub.com/Digambaran}{github.com/Digambaran}}
                                                  \\
? 
! Undefined control sequence.
<argument> \textcolor 
                      {black}{\href {https://www.github.com/Digambaran}{gith...
l.71 ...ub.com/Digambaran}{github.com/Digambaran}}
                                                  \\
? 
! Undefined control sequence.
<argument> \colorbox 
                     {black}{\makebox (12, 12){\textcolor {white}{\large \cs...
l.72 ...n/arjunskumar1995427}{arjunskumar1995427}}
                                                  \\
? 
! Undefined control sequence.
<argument> \textcolor 
                      {white}{\large \csname faLinkedin\endcsname }
l.72 ...n/arjunskumar1995427}{arjunskumar1995427}}
                                                  \\
? 
! Undefined control sequence.
<argument> \textcolor 
                      {black}{\href {https://www.linkedin.com/in/arjunskumar...
l.72 ...n/arjunskumar1995427}{arjunskumar1995427}}
                                                  \\
? 

Underfull \hbox (badness 10000) in paragraph at lines 70--73
[]$[]$
 []


Underfull \hbox (badness 10000) in paragraph at lines 70--73
[]$
 []


Underfull \hbox (badness 10000) in paragraph at lines 70--73
[]$
 []


Underfull \hbox (badness 10000) in paragraph at lines 70--73

 []


Overfull \hbox (4.10269pt too wide) in paragraph at lines 43--74
[][] [] [] 
 []

! Undefined control sequence.
\cvsect #1->\vspace {\baselineskip } \colorbox 
                                               {black}{\textcolor {white}{\M...
l.81 \cvsect{}
              
? 
! Undefined control sequence.
\cvsect ...ineskip } \colorbox {black}{\textcolor 
                                                  {white}{\MakeUppercase {\t...
l.81 \cvsect{}
              
? 

Underfull \hbox (badness 10000) in paragraph at lines 81--82

 []

! Undefined control sequence.
\chips #1-> \colorbox 
                      {black}{\textcolor {white}{\MakeUppercase {#1}}} 
l.91 	\chips{javascript}
                        \chips{typescript}\chips{html}\chips{css}\chips{Reac...

? 
! Undefined control sequence.
\chips #1-> \colorbox {black}{\textcolor 
                                         {white}{\MakeUppercase {#1}}} 
l.91 	\chips{javascript}
                        \chips{typescript}\chips{html}\chips{css}\chips{Reac...

? 
! Undefined control sequence.
\chips #1-> \colorbox 
                      {black}{\textcolor {white}{\MakeUppercase {#1}}} 
l.91 	\chips{javascript}\chips{typescript}
                                          \chips{html}\chips{css}\chips{Reac...

? 
! Undefined control sequence.
\chips #1-> \colorbox {black}{\textcolor 
                                         {white}{\MakeUppercase {#1}}} 
l.91 	\chips{javascript}\chips{typescript}
                                          \chips{html}\chips{css}\chips{Reac...

? 
! Undefined control sequence.
\chips #1-> \colorbox 
                      {black}{\textcolor {white}{\MakeUppercase {#1}}} 
l.91 ...{javascript}\chips{typescript}\chips{html}
                                                  \chips{css}\chips{React.Js...

? 
! Undefined control sequence.
\chips #1-> \colorbox {black}{\textcolor 
                                         {white}{\MakeUppercase {#1}}} 
l.91 ...{javascript}\chips{typescript}\chips{html}
                                                  \chips{css}\chips{React.Js...

? 
! Undefined control sequence.
\chips #1-> \colorbox 
                      {black}{\textcolor {white}{\MakeUppercase {#1}}} 
l.91 ...}\chips{typescript}\chips{html}\chips{css}
                                                  \chips{React.Js}\chips{rea...

? 
! Undefined control sequence.
\chips #1-> \colorbox {black}{\textcolor 
                                         {white}{\MakeUppercase {#1}}} 
l.91 ...}\chips{typescript}\chips{html}\chips{css}
                                                  \chips{React.Js}\chips{rea...

? 
! Undefined control sequence.
\chips #1-> \colorbox 
                      {black}{\textcolor {white}{\MakeUppercase {#1}}} 
l.91 ...pt}\chips{html}\chips{css}\chips{React.Js}
                                                  \chips{react-redux}\chips{...

? 
! Undefined control sequence.
\chips #1-> \colorbox {black}{\textcolor 
                                         {white}{\MakeUppercase {#1}}} 
l.91 ...pt}\chips{html}\chips{css}\chips{React.Js}
                                                  \chips{react-redux}\chips{...

? 
! Undefined control sequence.
\chips #1-> \colorbox 
                      {black}{\textcolor {white}{\MakeUppercase {#1}}} 
l.91 ...ps{css}\chips{React.Js}\chips{react-redux}
                                                  \chips{next.js}\chips{Node...

? 
! Undefined control sequence.
\chips #1-> \colorbox {black}{\textcolor 
                                         {white}{\MakeUppercase {#1}}} 
l.91 ...ps{css}\chips{React.Js}\chips{react-redux}
                                                  \chips{next.js}\chips{Node...

? 
! Undefined control sequence.
\chips #1-> \colorbox 
                      {black}{\textcolor {white}{\MakeUppercase {#1}}} 
l.91 ...eact.Js}\chips{react-redux}\chips{next.js}
                                                  \chips{Node.Js}\chips{rust...

? 
! Undefined control sequence.
\chips #1-> \colorbox {black}{\textcolor 
                                         {white}{\MakeUppercase {#1}}} 
l.91 ...eact.Js}\chips{react-redux}\chips{next.js}
                                                  \chips{Node.Js}\chips{rust...

? 
! Undefined control sequence.
\chips #1-> \colorbox 
                      {black}{\textcolor {white}{\MakeUppercase {#1}}} 
l.91 ...react-redux}\chips{next.js}\chips{Node.Js}
                                                  \chips{rust}\chips{docker}...

? 
! Undefined control sequence.
\chips #1-> \colorbox {black}{\textcolor 
                                         {white}{\MakeUppercase {#1}}} 
l.91 ...react-redux}\chips{next.js}\chips{Node.Js}
                                                  \chips{rust}\chips{docker}...

? 
! Undefined control sequence.
\chips #1-> \colorbox 
                      {black}{\textcolor {white}{\MakeUppercase {#1}}} 
l.91 ...\chips{next.js}\chips{Node.Js}\chips{rust}
                                                  \chips{docker}\chips{mysql...

? 
! Undefined control sequence.
\chips #1-> \colorbox {black}{\textcolor 
                                         {white}{\MakeUppercase {#1}}} 
l.91 ...\chips{next.js}\chips{Node.Js}\chips{rust}
                                                  \chips{docker}\chips{mysql...

? 
! Undefined control sequence.
\chips #1-> \colorbox 
                      {black}{\textcolor {white}{\MakeUppercase {#1}}} 
l.91 ...}\chips{Node.Js}\chips{rust}\chips{docker}
                                                  \chips{mysql}\chips{git}\c...

? 
! Undefined control sequence.
\chips #1-> \colorbox {black}{\textcolor 
                                         {white}{\MakeUppercase {#1}}} 
l.91 ...}\chips{Node.Js}\chips{rust}\chips{docker}
                                                  \chips{mysql}\chips{git}\c...

? 
! Undefined control sequence.
\chips #1-> \colorbox 
                      {black}{\textcolor {white}{\MakeUppercase {#1}}} 
l.91 ...Js}\chips{rust}\chips{docker}\chips{mysql}
                                                  \chips{git}\chips{Vue.Js}\...

? 
! Undefined control sequence.
\chips #1-> \colorbox {black}{\textcolor 
                                         {white}{\MakeUppercase {#1}}} 
l.91 ...Js}\chips{rust}\chips{docker}\chips{mysql}
                                                  \chips{git}\chips{Vue.Js}\...

? 
! Undefined control sequence.
\chips #1-> \colorbox 
                      {black}{\textcolor {white}{\MakeUppercase {#1}}} 
l.91 ...ust}\chips{docker}\chips{mysql}\chips{git}
                                                  \chips{Vue.Js}\chips{vuex}...

? 
! Undefined control sequence.
\chips #1-> \colorbox {black}{\textcolor 
                                         {white}{\MakeUppercase {#1}}} 
l.91 ...ust}\chips{docker}\chips{mysql}\chips{git}
                                                  \chips{Vue.Js}\chips{vuex}...

? 
! Undefined control sequence.
\chips #1-> \colorbox 
                      {black}{\textcolor {white}{\MakeUppercase {#1}}} 
l.91 ...ker}\chips{mysql}\chips{git}\chips{Vue.Js}
                                                  \chips{vuex}\chips{mongodb...

? 
! Undefined control sequence.
\chips #1-> \colorbox {black}{\textcolor 
                                         {white}{\MakeUppercase {#1}}} 
l.91 ...ker}\chips{mysql}\chips{git}\chips{Vue.Js}
                                                  \chips{vuex}\chips{mongodb...

? 
! Undefined control sequence.
\chips #1-> \colorbox 
                      {black}{\textcolor {white}{\MakeUppercase {#1}}} 
l.91 ...ysql}\chips{git}\chips{Vue.Js}\chips{vuex}
                                                  \chips{mongodb}\chips{stor...

? 
! Undefined control sequence.
\chips #1-> \colorbox {black}{\textcolor 
                                         {white}{\MakeUppercase {#1}}} 
l.91 ...ysql}\chips{git}\chips{Vue.Js}\chips{vuex}
                                                  \chips{mongodb}\chips{stor...

? 
! Undefined control sequence.
\chips #1-> \colorbox 
                      {black}{\textcolor {white}{\MakeUppercase {#1}}} 
l.91 ...}\chips{Vue.Js}\chips{vuex}\chips{mongodb}
                                                  \chips{storybook}
? 
! Undefined control sequence.
\chips #1-> \colorbox {black}{\textcolor 
                                         {white}{\MakeUppercase {#1}}} 
l.91 ...}\chips{Vue.Js}\chips{vuex}\chips{mongodb}
                                                  \chips{storybook}
? 
! Undefined control sequence.
\chips #1-> \colorbox 
                      {black}{\textcolor {white}{\MakeUppercase {#1}}} 
l.91 ...hips{vuex}\chips{mongodb}\chips{storybook}
                                                  
? 
! Undefined control sequence.
\chips #1-> \colorbox {black}{\textcolor 
                                         {white}{\MakeUppercase {#1}}} 
l.91 ...hips{vuex}\chips{mongodb}\chips{storybook}
                                                  
? 

Underfull \hbox (badness 10000) in paragraph at lines 91--92
\T1/Raleway-TLF/b/n/9 white-HTML  black-whiteCSS  black-whiteRE-ACT.JS
 []


Underfull \hbox (badness 1337) in paragraph at lines 91--92
\T1/Raleway-TLF/b/n/9 whiteN-ODE.JS  black-whiteRUST  black-white-DOCKER
 []


Underfull \hbox (badness 2245) in paragraph at lines 91--92
\T1/Raleway-TLF/b/n/9 black-white-MYSQL  black-white-GIT  black-white-VUE.JS
 []

! Undefined control sequence.
\cvsect #1->\vspace {\baselineskip } \colorbox 
                                               {black}{\textcolor {white}{\M...
l.100 \cvsect{Experience}
                         
? 
! Undefined control sequence.
\cvsect ...ineskip } \colorbox {black}{\textcolor 
                                                  {white}{\MakeUppercase {\t...
l.100 \cvsect{Experience}
                         
? 

Underfull \hbox (badness 10000) in paragraph at lines 100--101

 []

LaTeX Font Info:    Font shape `T1/calligra/m/n' will be
(Font)              scaled to size 12.96002pt on input line 113.
! Font T1/calligra/m/n/9=callig15 at 12.96002pt not loadable: Metric (TFM) file
 not found.
<to be read again> 
                   relax 
l.113 		}
         
? 
LaTeX Font Info:    Font shape `T1/calligra/m/n' will be
(Font)              scaled to size 20.73602pt on input line 113.
! Font T1/calligra/m/n/14.4=callig15 at 20.73602pt not loadable: Metric (TFM) f
ile not found.
<to be read again> 
                   relax 
l.113 		}
         
? 

LaTeX Font Warning: Font shape `T1/calligra/b/n' undefined
(Font)              using `T1/calligra/m/n' instead on input line 113.

Missing character: There is no a in font nullfont!
Missing character: There is no t in font nullfont!
! Undefined control sequence.
<recently read> \textcolor 
                           
l.113 		}
         
? 
! Undefined control sequence.
<argument> ...ck}{Eonfinite}}} \hfill {\textcolor 
                                                  {black}{\large \csname faM...
l.113 		}
         
? 
! Undefined control sequence.
<argument> ...dcsname }\hspace {0.1cm} \textcolor 
                                                  {black}{Remote}}\\ Worked ...
l.113 		}
         
? 
LaTeX Font Info:    Trying to load font information for T1+lmtt on input line 1
13.
(/usr/share/texmf/tex/latex/lm/t1lmtt.fd
File: t1lmtt.fd 2015/05/01 v1.6.1 Font defs for Latin Modern
)
LaTeX Font Info:    Font shape `T1/calligra/b/n' will be
(Font)              scaled to size 20.73602pt on input line 136.

! Font T1/calligra/b/n/14.4=callig15 at 20.73602pt not loadable: Metric (TFM) f
ile not found.
<to be read again> 
                   relax 
l.136 		}
         
? 
Missing character: There is no a in font nullfont!
Missing character: There is no t in font nullfont!
! Undefined control sequence.
<recently read> \textcolor 
                           
l.136 		}
         
? 
! Undefined control sequence.
<argument> ...ck}{GradRight}}} \hfill {\textcolor 
                                                  {black}{\large \csname faM...
l.136 		}
         
? 
! Undefined control sequence.
<argument> ...dcsname }\hspace {0.1cm} \textcolor 
                                                  {black}{Hyderabad}}\\ Work...
l.136 		}
         
? 

LaTeX Font Warning: Font shape `T1/Raleway-TLF/m/it' undefined
(Font)              using `T1/Raleway-TLF/m/n' instead on input line 136.

LaTeX Font Info:    Trying to load font information for TS1+Raleway-TLF on inpu
t line 136.
LaTeX Font Info:    No file TS1Raleway-TLF.fd. on input line 136.

LaTeX Font Warning: Font shape `TS1/Raleway-TLF/m/n' undefined
(Font)              using `TS1/cmr/m/n' instead
(Font)              for symbol `texttrademark' on input line 136.

! Undefined control sequence.
<argument> ...ight}\;-\;{\footnotesize \textcolor 
                                                  {darkgray}{The hassle-free...
l.136 		}
         
? 
! Undefined control sequence.
<recently read> \faCaretRight 
                              
l.136 		}
         
? 
! Undefined control sequence.
<recently read> \faCaretRight 
                              
l.136 		}
         
? 
! Undefined control sequence.
<recently read> \faCaretRight 
                              
l.136 		}
         
? 
! Undefined control sequence.
<recently read> \faCaretRight 
                              
l.136 		}
         
? 
! Undefined control sequence.
<argument> ...ight}\;-\;{\footnotesize \textcolor 
                                                  {darkgray}{The hassle-free...
l.136 		}
         
? 
! Undefined control sequence.
<recently read> \faCaretRight 
                              
l.136 		}
         
? 
! Undefined control sequence.
<recently read> \faCaretRight 
                              
l.136 		}
         
? 
! Undefined control sequence.
<recently read> \faCaretRight 
                              
l.136 		}
         
? 
! Undefined control sequence.
<recently read> \faCaretRight 
                              
l.136 		}
         
? 
Missing character: There is no a in font nullfont!
Missing character: There is no t in font nullfont!
! Undefined control sequence.
<recently read> \textcolor 
                           
l.156 		}
         
? 
! Undefined control sequence.
<argument> ...lack}{NeoITO.}}} \hfill {\textcolor 
                                                  {black}{\large \csname faM...
l.156 		}
         
? 
! Undefined control sequence.
<argument> ...dcsname }\hspace {0.1cm} \textcolor 
                                                  {black}{Trivandrum}}\\ Wor...
l.156 		}
         
? 

LaTeX Font Warning: Font shape `TS1/Raleway-TLF/b/n' undefined
(Font)              using `TS1/Raleway-TLF/m/n' instead
(Font)              for symbol `texttrademark' on input line 156.

! Undefined control sequence.
<argument> ...ark }\;-\;{\footnotesize \textcolor 
                                                  {darkgray}{ Low-code dev p...
l.156 		}
         
? 

LaTeX Font Warning: Font shape `T1/Raleway-TLF/b/it' undefined
(Font)              using `T1/Raleway-TLF/b/n' instead on input line 156.


LaTeX Font Warning: Font shape `TS1/Raleway-TLF/b/it' undefined
(Font)              using `TS1/Raleway-TLF/b/n' instead
(Font)              for symbol `texttrademark' on input line 156.

! Undefined control sequence.
<recently read> \faCaretRight 
                              
l.156 		}
         
? 
! Undefined control sequence.
<recently read> \faCaretRight 
                              
l.156 		}
         
? 
! Undefined control sequence.
<recently read> \faCaretRight 
                              
l.156 		}
         
? 
! Undefined control sequence.
<recently read> \faCaretRight 
                              
l.156 		}
         
? 
! Undefined control sequence.
<recently read> \faCaretRight 
                              
l.156 		}
         
? 
! Undefined control sequence.
<recently read> \faCaretRight 
                              
l.156 		}
         
? 
! Undefined control sequence.
<recently read> \faCaretRight 
                              
l.156 		}
         
? 
! Undefined control sequence.
<recently read> \faCaretRight 
                              
l.156 		}
         
? 

Underfull \hbox (badness 10000) in paragraph at lines 156--156
\T1/lmtt/m/n/9 Node.Js \T1/Raleway-TLF/b/it/9 / \T1/lmtt/m/n/9 tapable.Js \T1/R
aleway-TLF/b/it/9 / \T1/lmtt/m/n/9 Webpack \T1/Raleway-TLF/b/it/9 / \T1/lmtt/m/
n/9 Inquirer.Js \T1/Raleway-TLF/b/it/9 / \T1/lmtt/m/n/9 Commander.Js \T1/Ralewa
y-TLF/b/it/9 / \T1/lmtt/m/n/9 GithubActions
 []


Underfull \hbox (badness 10000) in paragraph at lines 156--156
\T1/Raleway-TLF/b/it/9 / \T1/lmtt/m/n/9 React.Js \T1/Raleway-TLF/b/it/9 / \T1/l
mtt/m/n/9 Typescript \T1/Raleway-TLF/b/it/9 / \T1/lmtt/m/n/9 Rust \T1/Raleway-T
LF/b/it/9 / \T1/lmtt/m/n/9 HTML \T1/Raleway-TLF/b/it/9 / \T1/lmtt/m/n/9 CSS \T1
/Raleway-TLF/b/it/9 / \T1/lmtt/m/n/9 micro-frontends \T1/Raleway-TLF/b/it/9 / \
T1/lmtt/m/n/9 low-code
 []

Missing character: There is no a in font nullfont!
Missing character: There is no t in font nullfont!
! Undefined control sequence.
<recently read> \textcolor 
                           
l.176 		}
         
? 
! Undefined control sequence.
<argument> ...a Media Labs.}}} \hfill {\textcolor 
                                                  {black}{\large \csname faM...
l.176 		}
         
? 
! Undefined control sequence.
<argument> ...dcsname }\hspace {0.1cm} \textcolor 
                                                  {black}{Kochi}}\\ Worked m...
l.176 		}
         
? 
! Undefined control sequence.
<argument> ...tune}\;-\;{\footnotesize \textcolor 
                                                  {darkgray}{crowdfunding we...
l.176 		}
         
? 
! Undefined control sequence.
<recently read> \faCaretRight 
                              
l.176 		}
         
? 
! Undefined control sequence.
<recently read> \faCaretRight 
                              
l.176 		}
         
? 
! Undefined control sequence.
<recently read> \faCaretRight 
                              
l.176 		}
         
? 
! Undefined control sequence.
<recently read> \faCaretRight 
                              
l.176 		}
         
? 
! Undefined control sequence.
<argument> ...gate}\;-\;{\footnotesize \textcolor 
                                                  {darkgray}{Security and co...
l.176 		}
         
? 
! Undefined control sequence.
<recently read> \faCaretRight 
                              
l.176 		}
         
? 
! Undefined control sequence.
<recently read> \faCaretRight 
                              
l.176 		}
         
? 
[1

{/var/lib/texmf/fonts/map/pdftex/updmap/pdftex.map}]
! Undefined control sequence.
\cvsect #1->\vspace {\baselineskip } \colorbox 
                                               {black}{\textcolor {white}{\M...
l.183 \cvsect{Education}
                        
? 
! Undefined control sequence.
\cvsect ...ineskip } \colorbox {black}{\textcolor 
                                                  {white}{\MakeUppercase {\t...
l.183 \cvsect{Education}
                        
? 

Underfull \hbox (badness 10000) in paragraph at lines 183--184

 []

Missing character: There is no f in font nullfont!
Missing character: There is no r in font nullfont!
Missing character: There is no o in font nullfont!
Missing character: There is no m in font nullfont!
! Undefined control sequence.
<recently read> \textcolor 
                           
l.192 ...mputer Aided Process Planning} research.}
                                                  
? 
! Undefined control sequence.
<argument> ...\& Technology}}} \hfill {\textcolor 
                                                  {black}{\large \csname faM...
l.192 ...mputer Aided Process Planning} research.}
                                                  
? 
! Undefined control sequence.
<argument> ...dcsname }\hspace {0.1cm} \textcolor 
                                                  {black}{India}}\\Bachelor'...
l.192 ...mputer Aided Process Planning} research.}
                                                  
? 
! Undefined control sequence.
\cvsect #1->\vspace {\baselineskip } \colorbox 
                                               {black}{\textcolor {white}{\M...
l.199 \cvsect{Hobbies}
                      
? 
! Undefined control sequence.
\cvsect ...ineskip } \colorbox {black}{\textcolor 
                                                  {white}{\MakeUppercase {\t...
l.199 \cvsect{Hobbies}
                      
? 
! Undefined control sequence.
\graychips #1-> \colorbox 
                          {darkgray}{\textcolor {white}{\MakeUppercase {#1}}} 
l.201 \graychips{photography}
                             \graychips{art}\graychips{reading}\graychips{cy...

? 
! Undefined control sequence.
\graychips #1-> \colorbox {darkgray}{\textcolor 
                                                {white}{\MakeUppercase {#1}}} 
l.201 \graychips{photography}
                             \graychips{art}\graychips{reading}\graychips{cy...

? 
! Undefined control sequence.
\graychips #1-> \colorbox 
                          {darkgray}{\textcolor {white}{\MakeUppercase {#1}}} 
l.201 \graychips{photography}\graychips{art}
                                            \graychips{reading}\graychips{cy...

? 
! Undefined control sequence.
\graychips #1-> \colorbox {darkgray}{\textcolor 
                                                {white}{\MakeUppercase {#1}}} 
l.201 \graychips{photography}\graychips{art}
                                            \graychips{reading}\graychips{cy...

? 
! Undefined control sequence.
\graychips #1-> \colorbox 
                          {darkgray}{\textcolor {white}{\MakeUppercase {#1}}} 
l.201 ...graphy}\graychips{art}\graychips{reading}
                                                  \graychips{cycling}
? 
! Undefined control sequence.
\graychips #1-> \colorbox {darkgray}{\textcolor 
                                                {white}{\MakeUppercase {#1}}} 
l.201 ...graphy}\graychips{art}\graychips{reading}
                                                  \graychips{cycling}
? 
! Undefined control sequence.
\graychips #1-> \colorbox 
                          {darkgray}{\textcolor {white}{\MakeUppercase {#1}}} 
l.201 ...rt}\graychips{reading}\graychips{cycling}
                                                  
? 
! Undefined control sequence.
\graychips #1-> \colorbox {darkgray}{\textcolor 
                                                {white}{\MakeUppercase {#1}}} 
l.201 ...rt}\graychips{reading}\graychips{cycling}
                                                  
? 
[2] (./main.aux)

LaTeX Font Warning: Some font shapes were not available, defaults substituted.

Package rerunfilecheck Info: File `main.out' has not changed.
(rerunfilecheck)             Checksum: D41D8CD98F00B204E9800998ECF8427E;0.
 ) 
Here is how much of TeX's memory you used:
 8892 strings out of 478051
 145038 string characters out of 5840942
 1872330 words of memory out of 5000000
 28886 multiletter control sequences out of 15000+600000
 531843 words of font info for 52 fonts, out of 8000000 for 9000
 14 hyphenation exceptions out of 8191
 90i,10n,90p,401b,530s stack positions out of 10000i,1000n,20000p,200000b,200000s
 </home/ushamma/.texlive2022/texmf-var/fonts/pk/ljfour/jknappen/ec/ecrm0500.6
00pk> </home/ushamma/.texlive2022/texmf-var/fonts/pk/ljfour/jknappen/ec/tcrm090
0.600pk>{/usr/share/texmf/fonts/enc/dvips/lm/lm-ec.enc} </home/ushamma/.texlive
2022/texmf-var/fonts/pk/ljfour/jknappen/ec/ecrm0700.600pk> </home/ushamma/.texl
ive2022/texmf-var/fonts/pk/ljfour/jknappen/ec/ecrm1440.600pk> </home/ushamma/.t
exlive2022/texmf-var/fonts/pk/ljfour/jknappen/ec/ecrm2986.600pk> </home/ushamma
/.texlive2022/texmf-var/fonts/pk/ljfour/jknappen/ec/ecrm0900.600pk></usr/share/
texmf/fonts/type1/public/lm/lmr9.pfb></usr/share/texmf/fonts/type1/public/lm/lm
tt9.pfb>
Output written on main.pdf (2 pages, 105363 bytes).
PDF statistics:
 227 PDF objects out of 1000 (max. 8388607)
 59 compressed objects within 1 object stream
 5 named destinations out of 1000 (max. 500000)
 1 words of extra memory for PDF output out of 10000 (max. 10000000)

